189	"Start a new game."
190	"Visit the training ranch."
191	"Load a saved game."
192	" "
193	"Change Wanted's video, audio, and control settings."
194	"View the Readme file."
196	"Quit Wanted."
197	"Connects to the fastest open server, not recommended."
198	"Get online and play Wanted with others."
323	"Disable graphic visuals."
324	"Download the latest version of Half-Life."
398	"If the server allows it, this option will help you aim at enemies."
391	"Check this box and enter password to disable visuals inappropriate for younger players and multiplayer.  Anyone wishing to change this setting will need to use this password."
400	" "
402	" "
410	"Disable this option for Wanted."
416	" "
417	" "
426	"Visit the WON Network."
503	"Disabled."
530	"Select a custom game."